# Logfile created on 2019-08-09 06:26:32 +0900 by logger.rb/56815
D, [2019-08-09T06:26:32.776040 #6588] DEBUG -- : *** parse: fields:[".include", "markdown.sth"]
D, [2019-08-09T06:26:32.776040 #6588] DEBUG -- : *** parse: fields:[".#", "github", "Markdown用スタイル定義"]
D, [2019-08-09T06:26:32.776040 #6588] DEBUG -- : *** parse: fields:[".#"]
D, [2019-08-09T06:26:32.776040 #6588] DEBUG -- : *** parse: fields:[".vardef", "component", "$1"]
D, [2019-08-09T06:26:32.776040 #6588] DEBUG -- : *** newVar: name=component pattern=["$1"]
D, [2019-08-09T06:26:32.776040 #6588] DEBUG -- : *** parse: fields:[".alias", "コンポーネント", "component"]
D, [2019-08-09T06:26:32.776040 #6588] DEBUG -- : *** parse: fields:[]
D, [2019-08-09T06:26:32.776040 #6588] DEBUG -- : *** parse: fields:[".vardef", "namespace", "$1"]
D, [2019-08-09T06:26:32.776040 #6588] DEBUG -- : *** newVar: name=namespace pattern=["$1"]
D, [2019-08-09T06:26:32.776040 #6588] DEBUG -- : *** parse: fields:[".alias", "名前空間", "namespace"]
D, [2019-08-09T06:26:32.776040 #6588] DEBUG -- : *** parse: fields:[]
D, [2019-08-09T06:26:32.776040 #6588] DEBUG -- : *** parse: fields:[".styledef", "class", "#", "$1クラス（$component）"]
D, [2019-08-09T06:26:32.789661 #6588] DEBUG -- : *** newStyle: name=class pattern=["#", "$1クラス（$component）"]
D, [2019-08-09T06:26:32.789661 #6588] DEBUG -- : *** parse: fields:[".alias", "クラス", "class"]
D, [2019-08-09T06:26:32.789661 #6588] DEBUG -- : *** parse: fields:[]
D, [2019-08-09T06:26:32.789661 #6588] DEBUG -- : *** parse: fields:[".styledef", "hierarchy", "##", "クラス階層"]
D, [2019-08-09T06:26:32.789661 #6588] DEBUG -- : *** newStyle: name=hierarchy pattern=["##", "クラス階層"]
D, [2019-08-09T06:26:32.789661 #6588] DEBUG -- : *** parse: fields:[".alias", "クラス階層", "hierarchy"]
D, [2019-08-09T06:26:32.789661 #6588] DEBUG -- : *** parse: fields:[]
D, [2019-08-09T06:26:32.789661 #6588] DEBUG -- : *** parse: fields:[".styledef", "superclass", "-", "[$1]($2.$1)"]
D, [2019-08-09T06:26:32.789661 #6588] DEBUG -- : *** newStyle: name=superclass pattern=["-", "[$1]($2.$1)"]
D, [2019-08-09T06:26:32.789661 #6588] DEBUG -- : *** parse: fields:[".alias", "親クラス", "superclass"]
D, [2019-08-09T06:26:32.790660 #6588] DEBUG -- : *** parse: fields:[".styledef", "thisclass", "-", "<b>$1</b>"]
D, [2019-08-09T06:26:32.790660 #6588] DEBUG -- : *** newStyle: name=thisclass pattern=["-", "<b>$1</b>"]
D, [2019-08-09T06:26:32.790660 #6588] DEBUG -- : *** parse: fields:[".alias", "自クラス", "thisclass"]
D, [2019-08-09T06:26:32.790660 #6588] DEBUG -- : *** parse: fields:[".styledef", "subclass", "-", "[$1]($2.$1)"]
D, [2019-08-09T06:26:32.790660 #6588] DEBUG -- : *** newStyle: name=subclass pattern=["-", "[$1]($2.$1)"]
D, [2019-08-09T06:26:32.790660 #6588] DEBUG -- : *** parse: fields:[".alias", "子クラス", "subclass"]
D, [2019-08-09T06:26:32.790660 #6588] DEBUG -- : *** parse: fields:[]
D, [2019-08-09T06:26:32.790660 #6588] DEBUG -- : *** parse: fields:[".styledef", "constructor", "##", "コンストラクタ"]
D, [2019-08-09T06:26:32.790660 #6588] DEBUG -- : *** newStyle: name=constructor pattern=["##", "コンストラクタ"]
D, [2019-08-09T06:26:32.791765 #6588] DEBUG -- : *** parse: fields:[".alias", "コンストラクタ一覧", "constructor"]
D, [2019-08-09T06:26:32.791765 #6588] DEBUG -- : *** parse: fields:[".styledef", "propertylist", "##", "プロパティ"]
D, [2019-08-09T06:26:32.791765 #6588] DEBUG -- : *** newStyle: name=propertylist pattern=["##", "プロパティ"]
D, [2019-08-09T06:26:32.791765 #6588] DEBUG -- : *** parse: fields:[".alias", "プロパティ一覧", "propertylist"]
D, [2019-08-09T06:26:32.791765 #6588] DEBUG -- : *** parse: fields:[".styledef", "methodlist", "##", "メソッド"]
D, [2019-08-09T06:26:32.791765 #6588] DEBUG -- : *** newStyle: name=methodlist pattern=["##", "メソッド"]
D, [2019-08-09T06:26:32.791765 #6588] DEBUG -- : *** parse: fields:[".alias", "メソッド一覧", "methodlist"]
D, [2019-08-09T06:26:32.791765 #6588] DEBUG -- : *** parse: fields:[".styledef", "memberref", "[$1]($namespace.$class.$1)", "-", "$2"]
D, [2019-08-09T06:26:32.791765 #6588] DEBUG -- : *** newStyle: name=memberref pattern=["[$1]($namespace.$class.$1)", "-", "$2"]
D, [2019-08-09T06:26:32.791765 #6588] DEBUG -- : *** parse: fields:[".alias", "メンバ参照", "memberref"]
D, [2019-08-09T06:26:32.791765 #6588] DEBUG -- : *** parse: fields:[]
D, [2019-08-09T06:26:32.791765 #6588] DEBUG -- : *** parse: fields:[".styledef", "specification", "##", "定義"]
D, [2019-08-09T06:26:32.791765 #6588] DEBUG -- : *** newStyle: name=specification pattern=["##", "定義"]
D, [2019-08-09T06:26:32.791765 #6588] DEBUG -- : *** parse: fields:[".alias", "定義", "spec"]
D, [2019-08-09T06:26:32.791765 #6588] DEBUG -- : *** parse: fields:[".styledef", "description", "##", "概要"]
D, [2019-08-09T06:26:32.791765 #6588] DEBUG -- : *** newStyle: name=description pattern=["##", "概要"]
D, [2019-08-09T06:26:32.791765 #6588] DEBUG -- : *** parse: fields:[".alias", "概要", "description"]
D, [2019-08-09T06:26:32.791765 #6588] DEBUG -- : *** parse: fields:[".styledef", "param", "##", "パラメータ"]
D, [2019-08-09T06:26:32.791765 #6588] DEBUG -- : *** newStyle: name=param pattern=["##", "パラメータ"]
D, [2019-08-09T06:26:32.791765 #6588] DEBUG -- : *** parse: fields:[".alias", "パラメータ", "param"]
D, [2019-08-09T06:26:32.791765 #6588] DEBUG -- : *** parse: fields:[".styledef", "description", "##", "説明"]
D, [2019-08-09T06:26:32.791765 #6588] DEBUG -- : *** newStyle: name=description pattern=["##", "説明"]
D, [2019-08-09T06:26:32.791765 #6588] DEBUG -- : *** parse: fields:[".alias", "説明", "description"]
D, [2019-08-09T06:26:32.791765 #6588] DEBUG -- : *** parse: fields:[".styledef", "reference", "##", "参照"]
D, [2019-08-09T06:26:32.791765 #6588] DEBUG -- : *** newStyle: name=reference pattern=["##", "参照"]
D, [2019-08-09T06:26:32.791765 #6588] DEBUG -- : *** parse: fields:[".alias", "参照", "reference"]
D, [2019-08-09T06:26:32.791765 #6588] DEBUG -- : *** parse: fields:[]
D, [2019-08-09T06:26:32.791765 #6588] DEBUG -- : *** parse: fields:[".styledef", "メソッド", "#", "$1", "メソッド"]
D, [2019-08-09T06:26:32.791765 #6588] DEBUG -- : *** newStyle: name=メソッド pattern=["#", "$1", "メソッド"]
D, [2019-08-09T06:26:32.791765 #6588] DEBUG -- : *** parse: fields:[".コンポーネント", "BricksCore"]
D, [2019-08-09T06:26:32.791765 #6588] DEBUG -- : *** eval: fields:[".コンポーネント", "BricksCore"]
D, [2019-08-09T06:26:32.791765 #6588] DEBUG -- : *** eval: fields:["BricksCore"]
D, [2019-08-09T06:26:32.791765 #6588] DEBUG -- : *** eval: fields:[]
