# Logfile created on 2019-08-08 00:02:28 +0900 by logger.rb/56815
D, [2019-08-08T00:02:28.028283 #848] DEBUG -- : *** parse: fields:[".include", "markdown.sth"]
D, [2019-08-08T00:02:28.028283 #848] DEBUG -- : *** parse: fields:[".vardef", "component", "$1"]
D, [2019-08-08T00:30:31.075516 #2516] DEBUG -- : *** parse: fields:[".include", "markdown.sth"]
D, [2019-08-08T00:30:31.076516 #2516] DEBUG -- : *** parse: fields:[".vardef", "component", "$1"]
D, [2019-08-08T00:30:31.076516 #2516] DEBUG -- : *** newVar: name=component val=["$1"]
D, [2019-08-08T00:30:31.076516 #2516] DEBUG -- : *** parse: fields:[".alias", "コンポーネント", "component"]
D, [2019-08-08T00:30:31.076516 #2516] DEBUG -- : *** parse: fields:[]
D, [2019-08-08T00:30:31.076516 #2516] DEBUG -- : *** parse: fields:[".vardef", "namespace", "$1"]
D, [2019-08-08T00:30:31.077515 #2516] DEBUG -- : *** newVar: name=namespace val=["$1"]
D, [2019-08-08T00:30:31.077597 #2516] DEBUG -- : *** parse: fields:[".alias", "名前空間", "namespace"]
D, [2019-08-08T00:30:31.077759 #2516] DEBUG -- : *** parse: fields:[]
D, [2019-08-08T00:30:31.077875 #2516] DEBUG -- : *** parse: fields:[".styledef", "class", "#", "$1クラス（$component）"]
D, [2019-08-08T00:30:31.078032 #2516] DEBUG -- : *** newStyle: name=class val=["#", "$1クラス（$component）"]
D, [2019-08-08T00:30:31.078163 #2516] DEBUG -- : *** parse: fields:[".alias", "クラス", "class"]
D, [2019-08-08T00:30:31.078286 #2516] DEBUG -- : *** parse: fields:[]
D, [2019-08-08T00:30:31.078400 #2516] DEBUG -- : *** parse: fields:[".styledef", "hierarchy", "##", "クラス改装"]
D, [2019-08-08T00:30:31.078521 #2516] DEBUG -- : *** newStyle: name=hierarchy val=["##", "クラス改装"]
D, [2019-08-08T00:30:31.078639 #2516] DEBUG -- : *** parse: fields:[".alias", "クラス階層", "hierarchy"]
D, [2019-08-08T00:30:31.078772 #2516] DEBUG -- : *** parse: fields:[]
D, [2019-08-08T00:30:31.078886 #2516] DEBUG -- : *** parse: fields:[".styledef", "superclass", "-", "[$1]($2.$1)"]
D, [2019-08-08T00:30:31.079003 #2516] DEBUG -- : *** newStyle: name=superclass val=["-", "[$1]($2.$1)"]
D, [2019-08-08T00:30:31.079118 #2516] DEBUG -- : *** parse: fields:[".alias", "親クラス", "superclass"]
D, [2019-08-08T00:30:31.079240 #2516] DEBUG -- : *** parse: fields:[".styledef", "thisclass", "-", "<b>$1</b>"]
D, [2019-08-08T00:30:31.079361 #2516] DEBUG -- : *** newStyle: name=thisclass val=["-", "<b>$1</b>"]
D, [2019-08-08T00:30:31.079475 #2516] DEBUG -- : *** parse: fields:[".alias", "自クラス", "thisclass"]
D, [2019-08-08T00:30:31.079597 #2516] DEBUG -- : *** parse: fields:[".styledef", "subclass", "-", "[$1]($2.$1)"]
D, [2019-08-08T00:30:31.080070 #2516] DEBUG -- : *** newStyle: name=subclass val=["-", "[$1]($2.$1)"]
D, [2019-08-08T00:30:31.080186 #2516] DEBUG -- : *** parse: fields:[".alias", "子クラス", "subclass"]
D, [2019-08-08T00:30:31.080308 #2516] DEBUG -- : *** parse: fields:[]
D, [2019-08-08T00:30:31.080423 #2516] DEBUG -- : *** parse: fields:[".styledef", "constructor", "##", "コンストラクタ"]
D, [2019-08-08T00:30:31.080580 #2516] DEBUG -- : *** newStyle: name=constructor val=["##", "コンストラクタ"]
D, [2019-08-08T00:30:31.080580 #2516] DEBUG -- : *** parse: fields:[".alias", "コンストラクタ一覧", "constructor"]
D, [2019-08-08T00:30:31.080580 #2516] DEBUG -- : *** parse: fields:[".styledef", "propertylist", "##", "プロパティ"]
D, [2019-08-08T00:30:31.080580 #2516] DEBUG -- : *** newStyle: name=propertylist val=["##", "プロパティ"]
D, [2019-08-08T00:30:31.080580 #2516] DEBUG -- : *** parse: fields:[".alias", "プロパティ一覧", "propertylist"]
D, [2019-08-08T00:30:31.080580 #2516] DEBUG -- : *** parse: fields:[".styledef", "methodlist", "##", "メソッド"]
D, [2019-08-08T00:30:31.080580 #2516] DEBUG -- : *** newStyle: name=methodlist val=["##", "メソッド"]
D, [2019-08-08T00:30:31.080580 #2516] DEBUG -- : *** parse: fields:[".alias", "メソッド一覧", "methodlist"]
D, [2019-08-08T00:30:31.081581 #2516] DEBUG -- : *** parse: fields:[".styledef", "memberref", "[$1]($namespace.$class.$1)", "-", "$2"]
D, [2019-08-08T00:30:31.081581 #2516] DEBUG -- : *** newStyle: name=memberref val=["[$1]($namespace.$class.$1)", "-", "$2"]
D, [2019-08-08T00:30:31.081581 #2516] DEBUG -- : *** parse: fields:[".alias", "メンバ参照", "memberref"]
D, [2019-08-08T00:30:31.081581 #2516] DEBUG -- : *** parse: fields:[".styledef", "specification", "##", "定義"]
D, [2019-08-08T00:30:31.081581 #2516] DEBUG -- : *** newStyle: name=specification val=["##", "定義"]
D, [2019-08-08T00:30:31.081581 #2516] DEBUG -- : *** parse: fields:[".alias", "定義", "spec"]
D, [2019-08-08T00:30:31.081581 #2516] DEBUG -- : *** parse: fields:[".styledef", "param", "##", "パラメータ"]
D, [2019-08-08T00:30:31.081581 #2516] DEBUG -- : *** newStyle: name=param val=["##", "パラメータ"]
D, [2019-08-08T00:30:31.082580 #2516] DEBUG -- : *** parse: fields:[".alias", "パラメータ", "param"]
D, [2019-08-08T00:30:31.082665 #2516] DEBUG -- : *** parse: fields:[".styledef", "description", "##", "説明"]
D, [2019-08-08T00:30:31.082795 #2516] DEBUG -- : *** newStyle: name=description val=["##", "説明"]
D, [2019-08-08T00:30:31.082912 #2516] DEBUG -- : *** parse: fields:[".alias", "説明", "description"]
D, [2019-08-08T00:30:31.083034 #2516] DEBUG -- : *** parse: fields:[".styledef", "reference", "##", "参照"]
D, [2019-08-08T00:30:31.083156 #2516] DEBUG -- : *** newStyle: name=reference val=["##", "参照"]
D, [2019-08-08T00:30:31.083271 #2516] DEBUG -- : *** parse: fields:[".alias", "参照", "reference"]
D, [2019-08-08T00:30:31.083392 #2516] DEBUG -- : *** parse: fields:[]
D, [2019-08-08T00:30:31.083504 #2516] DEBUG -- : *** parse: fields:[".styledef", "メソッド", "#", "$1", "メソッド"]
D, [2019-08-08T00:30:31.083625 #2516] DEBUG -- : *** newStyle: name=メソッド val=["#", "$1", "メソッド"]
D, [2019-08-08T00:30:31.083744 #2516] DEBUG -- : *** parse: fields:[".コンポーネント", "BricksCore"]
D, [2019-08-08T00:30:31.083888 #2516] DEBUG -- : *** eval: fields:[".コンポーネント", "BricksCore"]
D, [2019-08-08T00:30:31.084006 #2516] DEBUG -- : *** eval: コンポーネント => component
D, [2019-08-08T00:30:31.084520 #2516] DEBUG -- : *** parse: fields:[".名前空間", "Logging"]
D, [2019-08-08T00:30:31.084520 #2516] DEBUG -- : *** eval: fields:[".名前空間", "Logging"]
D, [2019-08-08T00:30:31.084520 #2516] DEBUG -- : *** eval: 名前空間 => namespace
D, [2019-08-08T00:30:31.092517 #2516] DEBUG -- : *** parse: fields:[".クラス", "Logger"]
D, [2019-08-08T00:30:31.092517 #2516] DEBUG -- : *** eval: fields:[".クラス", "Logger"]
D, [2019-08-08T00:30:31.092517 #2516] DEBUG -- : *** eval: クラス => class
D, [2019-08-08T00:30:31.093518 #2516] DEBUG -- : *** parse: fields:["----"]
D, [2019-08-08T00:30:31.093518 #2516] DEBUG -- : *** parse: fields:[".定義"]
D, [2019-08-08T00:30:31.094521 #2516] DEBUG -- : *** eval: fields:[".定義"]
D, [2019-08-08T00:30:31.094521 #2516] DEBUG -- : *** eval: 定義 => spec
D, [2019-08-08T00:30:31.095516 #2516] DEBUG -- : *** parse: fields:["Public", "Class", "Logger"]
D, [2019-08-08T00:30:31.096515 #2516] DEBUG -- : *** parse: fields:[]
D, [2019-08-08T00:30:31.096515 #2516] DEBUG -- : *** parse: fields:[".概要"]
D, [2019-08-08T00:30:31.096515 #2516] DEBUG -- : *** eval: fields:[".概要"]
D, [2019-08-08T00:30:31.096515 #2516] DEBUG -- : *** eval: 概要 => 概要
D, [2019-08-08T00:30:31.097515 #2516] DEBUG -- : *** parse: fields:["このLoggerは、シンプルに指定したメッセージのみを出力する。"]
D, [2019-08-08T00:30:31.097515 #2516] DEBUG -- : *** parse: fields:["OutputLogLevelプロパティにより、ログ出力レベルを指定することができ、指定したレベル以上のメッセージを出力する。"]
D, [2019-08-08T00:30:31.098513 #2516] DEBUG -- : *** parse: fields:[]
D, [2019-08-08T00:30:31.098513 #2516] DEBUG -- : *** parse: fields:["設定可能な出力レベルは以下の通りで、列挙型OutputLevelEnumで定義している（括弧内は割り当て値）"]
D, [2019-08-08T00:30:31.099513 #2516] DEBUG -- : *** parse: fields:["-", "All", "(0)", "-", "すべて出力"]
D, [2019-08-08T00:30:31.099513 #2516] DEBUG -- : *** parse: fields:["-", "Debug", "(1)", "-", "デバッグ"]
D, [2019-08-08T00:30:31.100514 #2516] DEBUG -- : *** parse: fields:["-", "Detail", "(2)", "-", "詳細"]
D, [2019-08-08T00:30:31.101513 #2516] DEBUG -- : *** parse: fields:["-", "Info", "(3)", "-", "情報"]
D, [2019-08-08T00:30:31.101513 #2516] DEBUG -- : *** parse: fields:["-", "Warning", "(4)", "-", "警告"]
D, [2019-08-08T00:30:31.102512 #2516] DEBUG -- : *** parse: fields:["-", "Error", "(5)", "-", "エラー"]
D, [2019-08-08T00:30:31.111506 #2516] DEBUG -- : *** parse: fields:["-", "Fatal", "(6)", "-", "致命的エラー"]
D, [2019-08-08T00:30:31.112508 #2516] DEBUG -- : *** parse: fields:["-", "None", "(9)", "-", "出力なし"]
D, [2019-08-08T00:30:31.112508 #2516] DEBUG -- : *** parse: fields:[]
D, [2019-08-08T00:30:31.112508 #2516] DEBUG -- : *** parse: fields:[".クラス階層"]
D, [2019-08-08T00:30:31.112508 #2516] DEBUG -- : *** eval: fields:[".クラス階層"]
D, [2019-08-08T00:30:31.112508 #2516] DEBUG -- : *** eval: クラス階層 => hierarchy
D, [2019-08-08T00:30:31.113504 #2516] DEBUG -- : *** parse: fields:[".自クラス", "Logger"]
D, [2019-08-08T00:30:31.113504 #2516] DEBUG -- : *** eval: fields:[".自クラス", "Logger"]
D, [2019-08-08T00:30:31.113504 #2516] DEBUG -- : *** eval: 自クラス => thisclass
D, [2019-08-08T00:30:31.114505 #2516] DEBUG -- : *** parse: fields:[".子クラス", "FormattedLogger"]
D, [2019-08-08T00:30:31.114505 #2516] DEBUG -- : *** eval: fields:[".子クラス", "FormattedLogger"]
D, [2019-08-08T00:30:31.114505 #2516] DEBUG -- : *** eval: 子クラス => subclass
D, [2019-08-08T00:30:31.115503 #2516] DEBUG -- : *** parse: fields:[]
D, [2019-08-08T00:30:31.115503 #2516] DEBUG -- : *** parse: fields:[".コンストラクタ一覧"]
D, [2019-08-08T00:30:31.115503 #2516] DEBUG -- : *** eval: fields:[".コンストラクタ一覧"]
D, [2019-08-08T00:30:31.115503 #2516] DEBUG -- : *** eval: コンストラクタ一覧 => constructor
D, [2019-08-08T00:30:31.116505 #2516] DEBUG -- : *** parse: fields:[".プロパティ一覧"]
D, [2019-08-08T00:30:31.116505 #2516] DEBUG -- : *** eval: fields:[".プロパティ一覧"]
D, [2019-08-08T00:30:31.116505 #2516] DEBUG -- : *** eval: プロパティ一覧 => propertylist
D, [2019-08-08T00:30:31.116505 #2516] DEBUG -- : *** parse: fields:[".メンバ参照", "New"]
D, [2019-08-08T00:30:31.116505 #2516] DEBUG -- : *** eval: fields:[".メンバ参照", "New"]
D, [2019-08-08T00:30:31.117501 #2516] DEBUG -- : *** eval: メンバ参照 => memberref
D, [2019-08-08T00:30:31.117501 #2516] DEBUG -- : *** parse: fields:[".メソッド一覧"]
D, [2019-08-08T00:30:31.117501 #2516] DEBUG -- : *** eval: fields:[".メソッド一覧"]
D, [2019-08-08T00:30:31.117501 #2516] DEBUG -- : *** eval: メソッド一覧 => methodlist
D, [2019-08-08T00:30:31.118501 #2516] DEBUG -- : *** parse: fields:[".メンバ参照", "Info", "「情報」レベルでの出力"]
D, [2019-08-08T00:30:31.118501 #2516] DEBUG -- : *** eval: fields:[".メンバ参照", "Info", "「情報」レベルでの出力"]
D, [2019-08-08T00:30:31.118501 #2516] DEBUG -- : *** eval: メンバ参照 => memberref
D, [2019-08-08T00:30:31.119503 #2516] DEBUG -- : *** parse: fields:[".参照"]
D, [2019-08-08T00:30:31.119503 #2516] DEBUG -- : *** eval: fields:[".参照"]
D, [2019-08-08T00:30:31.119503 #2516] DEBUG -- : *** eval: 参照 => reference
D, [2019-08-08T00:30:31.125497 #2516] DEBUG -- : *** parse: fields:[".#======================================"]
D, [2019-08-08T00:30:31.125497 #2516] DEBUG -- : *** eval: fields:[".#======================================"]
D, [2019-08-08T00:30:31.125497 #2516] DEBUG -- : *** eval: #====================================== => #======================================
D, [2019-08-08T00:30:31.126496 #2516] DEBUG -- : *** parse: fields:[]
D, [2019-08-08T00:32:36.048449 #1368] DEBUG -- : *** parse: fields:[".include", "markdown.sth"]
D, [2019-08-08T00:32:36.052447 #1368] DEBUG -- : *** parse: fields:[".vardef", "component", "$1"]
D, [2019-08-08T00:32:36.052447 #1368] DEBUG -- : *** newVar: name=component val=["$1"]
D, [2019-08-08T00:32:36.052447 #1368] DEBUG -- : *** parse: fields:[".alias", "コンポーネント", "component"]
D, [2019-08-08T00:32:36.053445 #1368] DEBUG -- : *** parse: fields:[]
D, [2019-08-08T00:32:36.053445 #1368] DEBUG -- : *** parse: fields:[".vardef", "namespace", "$1"]
D, [2019-08-08T00:32:36.053445 #1368] DEBUG -- : *** newVar: name=namespace val=["$1"]
D, [2019-08-08T00:32:36.053445 #1368] DEBUG -- : *** parse: fields:[".alias", "名前空間", "namespace"]
D, [2019-08-08T00:32:36.053445 #1368] DEBUG -- : *** parse: fields:[]
D, [2019-08-08T00:32:36.053445 #1368] DEBUG -- : *** parse: fields:[".styledef", "class", "#", "$1クラス（$component）"]
D, [2019-08-08T00:32:36.053445 #1368] DEBUG -- : *** newStyle: name=class val=["#", "$1クラス（$component）"]
D, [2019-08-08T00:32:36.053445 #1368] DEBUG -- : *** parse: fields:[".alias", "クラス", "class"]
D, [2019-08-08T00:32:36.053445 #1368] DEBUG -- : *** parse: fields:[]
D, [2019-08-08T00:32:36.053445 #1368] DEBUG -- : *** parse: fields:[".styledef", "hierarchy", "##", "クラス階層"]
D, [2019-08-08T00:32:36.053445 #1368] DEBUG -- : *** newStyle: name=hierarchy val=["##", "クラス階層"]
D, [2019-08-08T00:32:36.054445 #1368] DEBUG -- : *** parse: fields:[".alias", "クラス階層", "hierarchy"]
D, [2019-08-08T00:32:36.054445 #1368] DEBUG -- : *** parse: fields:[]
D, [2019-08-08T00:32:36.054445 #1368] DEBUG -- : *** parse: fields:[".styledef", "superclass", "-", "[$1]($2.$1)"]
D, [2019-08-08T00:32:36.054445 #1368] DEBUG -- : *** newStyle: name=superclass val=["-", "[$1]($2.$1)"]
D, [2019-08-08T00:32:36.054445 #1368] DEBUG -- : *** parse: fields:[".alias", "親クラス", "superclass"]
D, [2019-08-08T00:32:36.054445 #1368] DEBUG -- : *** parse: fields:[".styledef", "thisclass", "-", "<b>$1</b>"]
D, [2019-08-08T00:32:36.054445 #1368] DEBUG -- : *** newStyle: name=thisclass val=["-", "<b>$1</b>"]
D, [2019-08-08T00:32:36.054445 #1368] DEBUG -- : *** parse: fields:[".alias", "自クラス", "thisclass"]
D, [2019-08-08T00:32:36.055444 #1368] DEBUG -- : *** parse: fields:[".styledef", "subclass", "-", "[$1]($2.$1)"]
D, [2019-08-08T00:32:36.055444 #1368] DEBUG -- : *** newStyle: name=subclass val=["-", "[$1]($2.$1)"]
D, [2019-08-08T00:32:36.055444 #1368] DEBUG -- : *** parse: fields:[".alias", "子クラス", "subclass"]
D, [2019-08-08T00:32:36.055444 #1368] DEBUG -- : *** parse: fields:[]
D, [2019-08-08T00:32:36.055444 #1368] DEBUG -- : *** parse: fields:[".styledef", "constructor", "##", "コンストラクタ"]
D, [2019-08-08T00:32:36.055444 #1368] DEBUG -- : *** newStyle: name=constructor val=["##", "コンストラクタ"]
D, [2019-08-08T00:32:36.055444 #1368] DEBUG -- : *** parse: fields:[".alias", "コンストラクタ一覧", "constructor"]
D, [2019-08-08T00:32:36.055444 #1368] DEBUG -- : *** parse: fields:[".styledef", "propertylist", "##", "プロパティ"]
D, [2019-08-08T00:32:36.055444 #1368] DEBUG -- : *** newStyle: name=propertylist val=["##", "プロパティ"]
D, [2019-08-08T00:32:36.055444 #1368] DEBUG -- : *** parse: fields:[".alias", "プロパティ一覧", "propertylist"]
D, [2019-08-08T00:32:36.056443 #1368] DEBUG -- : *** parse: fields:[".styledef", "methodlist", "##", "メソッド"]
D, [2019-08-08T00:32:36.056443 #1368] DEBUG -- : *** newStyle: name=methodlist val=["##", "メソッド"]
D, [2019-08-08T00:32:36.056443 #1368] DEBUG -- : *** parse: fields:[".alias", "メソッド一覧", "methodlist"]
D, [2019-08-08T00:32:36.056443 #1368] DEBUG -- : *** parse: fields:[".styledef", "memberref", "[$1]($namespace.$class.$1)", "-", "$2"]
D, [2019-08-08T00:32:36.056443 #1368] DEBUG -- : *** newStyle: name=memberref val=["[$1]($namespace.$class.$1)", "-", "$2"]
D, [2019-08-08T00:32:36.056443 #1368] DEBUG -- : *** parse: fields:[".alias", "メンバ参照", "memberref"]
D, [2019-08-08T00:32:36.056443 #1368] DEBUG -- : *** parse: fields:[".styledef", "specification", "##", "定義"]
D, [2019-08-08T00:32:36.056443 #1368] DEBUG -- : *** newStyle: name=specification val=["##", "定義"]
D, [2019-08-08T00:32:36.056443 #1368] DEBUG -- : *** parse: fields:[".alias", "定義", "spec"]
D, [2019-08-08T00:32:36.056443 #1368] DEBUG -- : *** parse: fields:[".styledef", "param", "##", "パラメータ"]
D, [2019-08-08T00:32:36.057443 #1368] DEBUG -- : *** newStyle: name=param val=["##", "パラメータ"]
D, [2019-08-08T00:32:36.057443 #1368] DEBUG -- : *** parse: fields:[".alias", "パラメータ", "param"]
D, [2019-08-08T00:32:36.057443 #1368] DEBUG -- : *** parse: fields:[".styledef", "description", "##", "説明"]
D, [2019-08-08T00:32:36.057443 #1368] DEBUG -- : *** newStyle: name=description val=["##", "説明"]
D, [2019-08-08T00:32:36.057443 #1368] DEBUG -- : *** parse: fields:[".alias", "説明", "description"]
D, [2019-08-08T00:32:36.057443 #1368] DEBUG -- : *** parse: fields:[".styledef", "reference", "##", "参照"]
D, [2019-08-08T00:32:36.057443 #1368] DEBUG -- : *** newStyle: name=reference val=["##", "参照"]
D, [2019-08-08T00:32:36.057443 #1368] DEBUG -- : *** parse: fields:[".alias", "参照", "reference"]
D, [2019-08-08T00:32:36.057443 #1368] DEBUG -- : *** parse: fields:[]
D, [2019-08-08T00:32:36.057443 #1368] DEBUG -- : *** parse: fields:[".styledef", "メソッド", "#", "$1", "メソッド"]
D, [2019-08-08T00:32:36.057443 #1368] DEBUG -- : *** newStyle: name=メソッド val=["#", "$1", "メソッド"]
D, [2019-08-08T00:32:36.058442 #1368] DEBUG -- : *** parse: fields:[".コンポーネント", "BricksCore"]
D, [2019-08-08T00:32:36.058442 #1368] DEBUG -- : *** eval: fields:[".コンポーネント", "BricksCore"]
D, [2019-08-08T00:32:36.058442 #1368] DEBUG -- : *** eval: コンポーネント => component
D, [2019-08-08T00:32:36.058442 #1368] DEBUG -- : *** parse: fields:[".名前空間", "Logging"]
D, [2019-08-08T00:32:36.059440 #1368] DEBUG -- : *** eval: fields:[".名前空間", "Logging"]
D, [2019-08-08T00:32:36.059440 #1368] DEBUG -- : *** eval: 名前空間 => namespace
D, [2019-08-08T00:32:36.059440 #1368] DEBUG -- : *** parse: fields:[".クラス", "Logger"]
D, [2019-08-08T00:32:36.059440 #1368] DEBUG -- : *** eval: fields:[".クラス", "Logger"]
D, [2019-08-08T00:32:36.060439 #1368] DEBUG -- : *** eval: クラス => class
D, [2019-08-08T00:32:36.065436 #1368] DEBUG -- : *** parse: fields:["----"]
D, [2019-08-08T00:32:36.065436 #1368] DEBUG -- : *** parse: fields:[".定義"]
D, [2019-08-08T00:32:36.065436 #1368] DEBUG -- : *** eval: fields:[".定義"]
D, [2019-08-08T00:32:36.066437 #1368] DEBUG -- : *** eval: 定義 => spec
D, [2019-08-08T00:32:36.067437 #1368] DEBUG -- : *** parse: fields:["Public", "Class", "Logger"]
D, [2019-08-08T00:32:36.067437 #1368] DEBUG -- : *** parse: fields:[]
D, [2019-08-08T00:32:36.067437 #1368] DEBUG -- : *** parse: fields:[".概要"]
D, [2019-08-08T00:32:36.067437 #1368] DEBUG -- : *** eval: fields:[".概要"]
D, [2019-08-08T00:32:36.068436 #1368] DEBUG -- : *** eval: 概要 => 概要
D, [2019-08-08T00:32:36.069434 #1368] DEBUG -- : *** parse: fields:["このLoggerは、シンプルに指定したメッセージのみを出力する。"]
D, [2019-08-08T00:32:36.074431 #1368] DEBUG -- : *** parse: fields:["OutputLogLevelプロパティにより、ログ出力レベルを指定することができ、指定したレベル以上のメッセージを出力する。"]
D, [2019-08-08T00:32:36.075431 #1368] DEBUG -- : *** parse: fields:[]
D, [2019-08-08T00:32:36.075431 #1368] DEBUG -- : *** parse: fields:["設定可能な出力レベルは以下の通りで、列挙型OutputLevelEnumで定義している（括弧内は割り当て値）"]
D, [2019-08-08T00:32:36.076432 #1368] DEBUG -- : *** parse: fields:["-", "All", "(0)", "-", "すべて出力"]
D, [2019-08-08T00:32:36.076432 #1368] DEBUG -- : *** parse: fields:["-", "Debug", "(1)", "-", "デバッグ"]
D, [2019-08-08T00:32:36.077431 #1368] DEBUG -- : *** parse: fields:["-", "Detail", "(2)", "-", "詳細"]
D, [2019-08-08T00:32:36.078428 #1368] DEBUG -- : *** parse: fields:["-", "Info", "(3)", "-", "情報"]
D, [2019-08-08T00:32:36.078428 #1368] DEBUG -- : *** parse: fields:["-", "Warning", "(4)", "-", "警告"]
D, [2019-08-08T00:32:36.079429 #1368] DEBUG -- : *** parse: fields:["-", "Error", "(5)", "-", "エラー"]
D, [2019-08-08T00:32:36.079429 #1368] DEBUG -- : *** parse: fields:["-", "Fatal", "(6)", "-", "致命的エラー"]
D, [2019-08-08T00:32:36.079429 #1368] DEBUG -- : *** parse: fields:["-", "None", "(9)", "-", "出力なし"]
D, [2019-08-08T00:32:36.080428 #1368] DEBUG -- : *** parse: fields:[]
D, [2019-08-08T00:32:36.080428 #1368] DEBUG -- : *** parse: fields:[".クラス階層"]
D, [2019-08-08T00:32:36.080428 #1368] DEBUG -- : *** eval: fields:[".クラス階層"]
D, [2019-08-08T00:32:36.080428 #1368] DEBUG -- : *** eval: クラス階層 => hierarchy
D, [2019-08-08T00:32:36.081427 #1368] DEBUG -- : *** parse: fields:[".自クラス", "Logger", "Logging"]
D, [2019-08-08T00:32:36.081427 #1368] DEBUG -- : *** eval: fields:[".自クラス", "Logger", "Logging"]
D, [2019-08-08T00:32:36.081427 #1368] DEBUG -- : *** eval: 自クラス => thisclass
D, [2019-08-08T00:32:36.082428 #1368] DEBUG -- : *** parse: fields:[".子クラス", "FormattedLogger", "Logging"]
D, [2019-08-08T00:32:36.082428 #1368] DEBUG -- : *** eval: fields:[".子クラス", "FormattedLogger", "Logging"]
D, [2019-08-08T00:32:36.082428 #1368] DEBUG -- : *** eval: 子クラス => subclass
D, [2019-08-08T00:32:36.083427 #1368] DEBUG -- : *** parse: fields:[]
D, [2019-08-08T00:32:36.083427 #1368] DEBUG -- : *** parse: fields:[".コンストラクタ一覧"]
D, [2019-08-08T00:32:36.083427 #1368] DEBUG -- : *** eval: fields:[".コンストラクタ一覧"]
D, [2019-08-08T00:32:36.083427 #1368] DEBUG -- : *** eval: コンストラクタ一覧 => constructor
D, [2019-08-08T00:32:36.083427 #1368] DEBUG -- : *** parse: fields:[".プロパティ一覧"]
D, [2019-08-08T00:32:36.084425 #1368] DEBUG -- : *** eval: fields:[".プロパティ一覧"]
D, [2019-08-08T00:32:36.084425 #1368] DEBUG -- : *** eval: プロパティ一覧 => propertylist
D, [2019-08-08T00:32:36.084425 #1368] DEBUG -- : *** parse: fields:[".メンバ参照", "New"]
D, [2019-08-08T00:32:36.084425 #1368] DEBUG -- : *** eval: fields:[".メンバ参照", "New"]
D, [2019-08-08T00:32:36.085424 #1368] DEBUG -- : *** eval: メンバ参照 => memberref
D, [2019-08-08T00:32:36.085424 #1368] DEBUG -- : *** parse: fields:[".メソッド一覧"]
D, [2019-08-08T00:32:36.086425 #1368] DEBUG -- : *** eval: fields:[".メソッド一覧"]
D, [2019-08-08T00:32:36.086425 #1368] DEBUG -- : *** eval: メソッド一覧 => methodlist
D, [2019-08-08T00:32:36.091422 #1368] DEBUG -- : *** parse: fields:[".メンバ参照", "Info", "「情報」レベルでの出力"]
D, [2019-08-08T00:32:36.091422 #1368] DEBUG -- : *** eval: fields:[".メンバ参照", "Info", "「情報」レベルでの出力"]
D, [2019-08-08T00:32:36.092421 #1368] DEBUG -- : *** eval: メンバ参照 => memberref
D, [2019-08-08T00:32:36.093421 #1368] DEBUG -- : *** parse: fields:[".参照"]
D, [2019-08-08T00:32:36.093421 #1368] DEBUG -- : *** eval: fields:[".参照"]
D, [2019-08-08T00:32:36.093421 #1368] DEBUG -- : *** eval: 参照 => reference
D, [2019-08-08T00:32:36.094420 #1368] DEBUG -- : *** parse: fields:[".#======================================"]
D, [2019-08-08T00:32:36.094420 #1368] DEBUG -- : *** eval: fields:[".#======================================"]
D, [2019-08-08T00:32:36.094420 #1368] DEBUG -- : *** eval: #====================================== => #======================================
D, [2019-08-08T00:32:36.095419 #1368] DEBUG -- : *** parse: fields:[]
